<?xml version="1.0" encoding="UTF-8"?>
<beans xmlns="http://www.springframework.org/schema/beans"
       xmlns:xsi="http://www.w3.org/2001/XMLSchema-instance"
       xsi:schemaLocation="http://www.springframework.org/schema/beans http://www.springframework.org/schema/beans/spring-beans.xsd">


    <bean id="dataSource" class="org.springframework.jdbc.datasource.SimpleDriverDataSource">
        <property name="driverClass" value="org.mariadb.jdbc.Driver"/>
        <property name="url" value="jdbc:mariadb://localhost/testdb"/>
        <property name="username" value="root"/>
        <property name="password" value="1234"/>
    </bean>

    <bean id="jdbcTemplate" class="org.springframework.jdbc.core.JdbcTemplate">
        <property name="dataSource" ref="dataSource"/>
    </bean>

    <bean id="userService" class="springbook.user.service.UserService">
        <property name="userDao" ref="userDao"/>
        <property name="userLevelUpgradePolicy" ref="userLevelGeneralUpgrade"/>
    </bean>

    <bean id="userLevelGeneralUpgrade" class="springbook.user.service.UserLevelGeneralUpgrade">
        <property name="userDao" ref="userDao"/>
    </bean>

    <bean id="userLevelEventUpgrade" class="springbook.user.service.UserLevelEventUpgrade">
        <property name="userDao" ref="userDao"/>
    </bean>

    <bean id="userDao" class="springbook.user.dao.UserDaoJdbc">
        <property name="dataSource" ref="dataSource"/>
    </bean>

</beans>